------------------------------------------------------------------------------
Timestamp:  2020-07-09 16:54:02.7290
level    :  Error
Location :  YESLaboratoryEnvironmentalMonitoringSystem.My.MyApplication.MyApplication_UnhandledException
Message  :  System.ArgumentOutOfRangeException: “110”的值对于“Value”无效。“Value”应介于 'Minimum' 和 'Maximum' 之间。
参数名: Value
   在 System.Windows.Forms.NumericUpDown.set_Value(Decimal value)
   在 YESLaboratoryEnvironmentalMonitoringSystem.TimeBucketControl.set_DataSource(TimeBucketInfo Value)
   在 YESLaboratoryEnvironmentalMonitoringSystem.MainForm.ShowTimeBucket()
   在 YESLaboratoryEnvironmentalMonitoringSystem.MainForm.ButtonItem4_Click(Object sender, EventArgs e)
   在 DevComponents.DotNetBar.BaseItem.RaiseClick(eEventSource source)
   在 DevComponents.DotNetBar.BaseItem.InternalMouseUp(MouseEventArgs objArg)
   在 DevComponents.DotNetBar.PopupItem.InternalMouseUp(MouseEventArgs objArg)
   在 DevComponents.DotNetBar.ButtonItem.InternalMouseUp(MouseEventArgs objArg)
   在 DevComponents.DotNetBar.BaseItem.InternalMouseUp(MouseEventArgs objArg)
   在 DevComponents.DotNetBar.ItemContainer.InternalMouseUp(MouseEventArgs objArg)
   在 DevComponents.DotNetBar.ItemControl.OnMouseUp(MouseEventArgs e)
   在 DevComponents.DotNetBar.RibbonBar.OnMouseUp(MouseEventArgs e)
   在 System.Windows.Forms.Control.WmMouseUp(Message& m, MouseButtons button, Int32 clicks)
   在 System.Windows.Forms.Control.WndProc(Message& m)
   在 System.Windows.Forms.ScrollableControl.WndProc(Message& m)
   在 System.Windows.Forms.ContainerControl.WndProc(Message& m)
   在 DevComponents.DotNetBar.ItemControl.WndProc(Message& m)
   在 System.Windows.Forms.Control.ControlNativeWindow.OnMessage(Message& m)
   在 System.Windows.Forms.Control.ControlNativeWindow.WndProc(Message& m)
   在 System.Windows.Forms.NativeWindow.Callback(IntPtr hWnd, Int32 msg, IntPtr wparam, IntPtr lparam)

